2018-01-22 12:37:24,518  INFO restartedMain com.company.puzzle.battleship.BattleshipApplication - Starting BattleshipApplication on aclblrfc630 with PID 7402 (/home/calsoft/workspace/sts-workspace/Auto1/Battleship/target/classes started by calsoft in /home/calsoft/workspace/sts-workspace/Auto1/Battleship)
2018-01-22 12:37:24,520 DEBUG restartedMain com.company.puzzle.battleship.BattleshipApplication - Running with Spring Boot v1.5.9.RELEASE, Spring v4.3.13.RELEASE
2018-01-22 12:37:24,521  INFO restartedMain com.company.puzzle.battleship.BattleshipApplication - No active profile set, falling back to default profiles: default
2018-01-22 12:37:27,802  INFO restartedMain com.company.puzzle.battleship.BattleshipApplication - Started BattleshipApplication in 3.545 seconds (JVM running for 4.083)
2018-01-22 12:37:27,803  INFO restartedMain com.company.puzzle.battleship.initiator.BattleshipInitiator - Game initialization started
2018-01-22 12:37:44,425 DEBUG restartedMain com.company.puzzle.battleship.initiator.BattleshipInitiator - Loading new game state
2018-01-22 12:37:44,425 DEBUG restartedMain com.company.puzzle.battleship.service.PopulateGameState - deleting old state from db
2018-01-22 12:37:44,487  INFO restartedMain com.company.puzzle.battleship.service.PopulateGameState - generating new ships locations using random number generator
2018-01-22 12:37:44,519 DEBUG restartedMain com.company.puzzle.battleship.service.PopulateGameState - deleting old sea coordinates from DB
2018-01-22 12:37:44,523 DEBUG restartedMain com.company.puzzle.battleship.service.PopulateGameState - Initializing fresh sea state
2018-01-22 12:37:44,523  INFO restartedMain com.company.puzzle.battleship.service.BattleshipGame - Intialization completed!! starting the game
2018-01-24 13:10:37,272  INFO restartedMain com.company.puzzle.battleship.BattleshipApplication - Starting BattleshipApplication on aclblrfc630 with PID 11024 (/home/calsoft/workspace/sts-workspace/Auto1/Battleship/target/classes started by calsoft in /home/calsoft/workspace/sts-workspace/Auto1/Battleship)
2018-01-24 13:10:37,283 DEBUG restartedMain com.company.puzzle.battleship.BattleshipApplication - Running with Spring Boot v1.5.9.RELEASE, Spring v4.3.13.RELEASE
2018-01-24 13:10:37,283  INFO restartedMain com.company.puzzle.battleship.BattleshipApplication - No active profile set, falling back to default profiles: default
2018-01-24 13:10:41,914  INFO restartedMain com.company.puzzle.battleship.BattleshipApplication - Started BattleshipApplication in 5.054 seconds (JVM running for 6.386)
2018-01-24 13:10:41,914  INFO restartedMain com.company.puzzle.battleship.initiator.BattleshipInitiator - Game initialization started
2018-01-24 13:11:52,138 DEBUG restartedMain com.company.puzzle.battleship.initiator.BattleshipInitiator - Loading new game state
2018-01-24 13:11:52,139 DEBUG restartedMain com.company.puzzle.battleship.service.PopulateGameState - deleting old state from db
2018-01-24 13:11:52,222  INFO restartedMain com.company.puzzle.battleship.service.PopulateGameState - generating new ships locations using random number generator
2018-01-24 13:11:52,236 DEBUG restartedMain com.company.puzzle.battleship.service.PopulateGameState - deleting old sea coordinates from DB
2018-01-24 13:11:52,239 DEBUG restartedMain com.company.puzzle.battleship.service.PopulateGameState - Initializing fresh sea state
2018-01-24 13:11:52,240  INFO restartedMain com.company.puzzle.battleship.service.BattleshipGame - Intialization completed!! starting the game
2018-01-24 13:11:58,604 DEBUG restartedMain com.company.puzzle.battleship.service.BattleshipGame - checking if blast is sucess at length:1 width:1
2018-01-24 13:11:58,605 DEBUG restartedMain com.company.puzzle.battleship.service.BattleshipGame - failed hit at coordinates length:1 width:1
2018-01-24 13:11:58,608 DEBUG restartedMain com.company.puzzle.battleship.service.BattleshipGame - providing  hint for coordinates length:1 width:1
2018-01-24 15:03:33,655  INFO main com.company.puzzle.battleship.BattleshipApplicationTests - Starting BattleshipApplicationTests on aclblrfc630 with PID 12213 (started by calsoft in /home/calsoft/workspace/sts-workspace/Auto1/Battleship)
2018-01-24 15:03:33,658 DEBUG main com.company.puzzle.battleship.BattleshipApplicationTests - Running with Spring Boot v1.5.9.RELEASE, Spring v4.3.13.RELEASE
2018-01-24 15:03:33,658  INFO main com.company.puzzle.battleship.BattleshipApplicationTests - No active profile set, falling back to default profiles: default
2018-01-24 15:03:36,353  INFO main com.company.puzzle.battleship.BattleshipApplicationTests - Started BattleshipApplicationTests in 2.969 seconds (JVM running for 3.718)
2018-01-24 15:03:36,525 DEBUG main com.company.puzzle.battleship.service.BattleshipGame - checking if blast is sucess at length:0 width:2
2018-01-24 15:04:35,929  INFO restartedMain com.company.puzzle.battleship.BattleshipApplication - Starting BattleshipApplication on aclblrfc630 with PID 12274 (/home/calsoft/workspace/sts-workspace/Auto1/Battleship/target/classes started by calsoft in /home/calsoft/workspace/sts-workspace/Auto1/Battleship)
2018-01-24 15:04:35,931 DEBUG restartedMain com.company.puzzle.battleship.BattleshipApplication - Running with Spring Boot v1.5.9.RELEASE, Spring v4.3.13.RELEASE
2018-01-24 15:04:35,932  INFO restartedMain com.company.puzzle.battleship.BattleshipApplication - No active profile set, falling back to default profiles: default
2018-01-24 15:04:39,137  INFO restartedMain com.company.puzzle.battleship.BattleshipApplication - Started BattleshipApplication in 3.491 seconds (JVM running for 4.095)
2018-01-24 15:04:39,138  INFO restartedMain com.company.puzzle.battleship.initiator.BattleshipInitiator - Game initialization started
2018-01-24 15:04:41,037 DEBUG restartedMain com.company.puzzle.battleship.initiator.BattleshipInitiator - Loading new game state
2018-01-24 15:04:41,038 DEBUG restartedMain com.company.puzzle.battleship.service.PopulateGameState - deleting old state from db
2018-01-24 15:04:41,128  INFO restartedMain com.company.puzzle.battleship.service.PopulateGameState - generating new ships locations using random number generator
2018-01-24 15:04:41,148 DEBUG restartedMain com.company.puzzle.battleship.service.PopulateGameState - deleting old sea coordinates from DB
2018-01-24 15:04:41,155 DEBUG restartedMain com.company.puzzle.battleship.service.PopulateGameState - Initializing fresh sea state
2018-01-24 15:04:41,155  INFO restartedMain com.company.puzzle.battleship.service.BattleshipGame - Intialization completed!! starting the game
2018-01-24 15:04:48,604 DEBUG restartedMain com.company.puzzle.battleship.service.BattleshipGame - checking if blast is sucess at length:0 width:0
2018-01-24 15:04:48,605 DEBUG restartedMain com.company.puzzle.battleship.service.BattleshipGame - failed hit at coordinates length:0 width:0
2018-01-24 15:04:48,608 DEBUG restartedMain com.company.puzzle.battleship.service.BattleshipGame - providing  hint for coordinates length:0 width:0
2018-01-24 15:05:02,321 DEBUG restartedMain com.company.puzzle.battleship.service.BattleshipGame - checking if blast is sucess at length:2 width:2
2018-01-24 15:05:02,322 DEBUG restartedMain com.company.puzzle.battleship.service.BattleshipGame - failed hit at coordinates length:2 width:2
2018-01-24 15:05:02,324 DEBUG restartedMain com.company.puzzle.battleship.service.BattleshipGame - providing  hint for coordinates length:2 width:2
2018-01-24 15:05:05,182 DEBUG restartedMain com.company.puzzle.battleship.service.BattleshipGame - checking if blast is sucess at length:3 width:3
2018-01-24 15:05:05,182 DEBUG restartedMain com.company.puzzle.battleship.service.BattleshipGame - failed hit at coordinates length:3 width:3
2018-01-24 15:05:05,185 DEBUG restartedMain com.company.puzzle.battleship.service.BattleshipGame - providing  hint for coordinates length:3 width:3
2018-01-24 15:05:20,246 DEBUG restartedMain com.company.puzzle.battleship.service.BattleshipGame - checking if blast is sucess at length:0 width:3
2018-01-24 15:05:20,247 DEBUG restartedMain com.company.puzzle.battleship.service.BattleshipGame - failed hit at coordinates length:0 width:3
2018-01-24 15:05:20,249 DEBUG restartedMain com.company.puzzle.battleship.service.BattleshipGame - providing  hint for coordinates length:0 width:3
2018-01-24 15:05:35,982 DEBUG restartedMain com.company.puzzle.battleship.service.BattleshipGame - checking if blast is sucess at length:1 width:3
2018-01-24 15:05:35,982 DEBUG restartedMain com.company.puzzle.battleship.service.BattleshipGame - blast successfull at coordinates length:1 width:3
